2018-08-31_18:14:36.304 [restartedMain] INFO  com.spring.DemoApplication -
				Starting DemoApplication on DESKTOP-0K7BKM9 with PID 11252 (E:\myProjects\beautyparlour\target\classes started by dell in E:\myProjects\beautyparlour)
2018-08-31_18:14:36.304 [restartedMain] DEBUG com.spring.DemoApplication -
				Running with Spring Boot v2.0.0.RELEASE, Spring v5.0.4.RELEASE
2018-08-31_18:14:36.306 [restartedMain] INFO  com.spring.DemoApplication -
				No active profile set, falling back to default profiles: default
2018-08-31_18:14:43.101 [localhost-startStop-1] DEBUG c.spring.session.CustomSessionFilter -
				Initializing filter 'customSessionFilter'
2018-08-31_18:14:43.101 [localhost-startStop-1] DEBUG c.spring.session.CustomSessionFilter -
				Filter 'customSessionFilter' configured successfully
2018-08-31_18:14:43.778 [restartedMain] DEBUG com.spring.startup.FirstAdminCreator -
				tz==>sun.util.calendar.ZoneInfo[id="Asia/Kathmandu",offset=20700000,dstSavings=0,useDaylight=false,transitions=4,lastRule=null]
2018-08-31_18:14:43.778 [restartedMain] DEBUG com.spring.startup.FirstAdminCreator -
				tz.getId()==>Asia/Kathmandu
2018-08-31_18:14:44.242 [restartedMain] INFO  com.spring.DemoApplication -
				Started DemoApplication in 8.377 seconds (JVM running for 8.913)
2018-08-31_18:14:50.745 [http-nio-8080-exec-1] DEBUG com.spring.controller.DemoController -
				AuthenticationUtil.getCurrentUser()==>null
2018-08-31_18:14:51.772 [http-nio-8080-exec-1] WARN  o.a.c.util.SessionIdGeneratorBase -
				Creation of SecureRandom instance for session ID generation using [SHA1PRNG] took [150] milliseconds.
2018-08-31_18:16:22.619 [main] INFO  com.spring.test.DemoApplicationTests -
				Starting DemoApplicationTests on DESKTOP-0K7BKM9 with PID 15852 (started by dell in E:\myProjects\beautyparlour)
2018-08-31_18:16:22.619 [main] DEBUG com.spring.test.DemoApplicationTests -
				Running with Spring Boot v2.0.0.RELEASE, Spring v5.0.4.RELEASE
2018-08-31_18:16:22.621 [main] INFO  com.spring.test.DemoApplicationTests -
				No active profile set, falling back to default profiles: default
2018-08-31_18:16:30.482 [main] DEBUG com.spring.startup.FirstAdminCreator -
				tz==>sun.util.calendar.ZoneInfo[id="Asia/Kathmandu",offset=20700000,dstSavings=0,useDaylight=false,transitions=4,lastRule=null]
2018-08-31_18:16:30.482 [main] DEBUG com.spring.startup.FirstAdminCreator -
				tz.getId()==>Asia/Kathmandu
2018-08-31_18:16:31.249 [main] INFO  com.spring.test.DemoApplicationTests -
				Started DemoApplicationTests in 8.981 seconds (JVM running for 10.035)
2018-08-31_18:22:17.258 [main] INFO  com.spring.test.DemoApplicationTests -
				Starting DemoApplicationTests on DESKTOP-0K7BKM9 with PID 22492 (started by dell in E:\myProjects\beautyparlour)
2018-08-31_18:22:17.258 [main] DEBUG com.spring.test.DemoApplicationTests -
				Running with Spring Boot v2.0.0.RELEASE, Spring v5.0.4.RELEASE
2018-08-31_18:22:17.260 [main] INFO  com.spring.test.DemoApplicationTests -
				No active profile set, falling back to default profiles: default
2018-08-31_18:22:25.592 [main] DEBUG com.spring.startup.FirstAdminCreator -
				tz==>sun.util.calendar.ZoneInfo[id="Asia/Kathmandu",offset=20700000,dstSavings=0,useDaylight=false,transitions=4,lastRule=null]
2018-08-31_18:22:25.593 [main] DEBUG com.spring.startup.FirstAdminCreator -
				tz.getId()==>Asia/Kathmandu
2018-08-31_18:22:26.110 [main] INFO  com.spring.test.DemoApplicationTests -
				Started DemoApplicationTests in 9.248 seconds (JVM running for 10.063)
2018-08-31_18:31:25.272 [main] INFO  com.spring.test.DemoApplicationTests -
				Starting DemoApplicationTests on DESKTOP-0K7BKM9 with PID 10496 (started by dell in E:\myProjects\beautyparlour)
2018-08-31_18:31:25.273 [main] DEBUG com.spring.test.DemoApplicationTests -
				Running with Spring Boot v2.0.0.RELEASE, Spring v5.0.4.RELEASE
2018-08-31_18:31:25.275 [main] INFO  com.spring.test.DemoApplicationTests -
				No active profile set, falling back to default profiles: default
2018-08-31_18:31:31.092 [main] DEBUG com.spring.startup.FirstAdminCreator -
				tz==>sun.util.calendar.ZoneInfo[id="Asia/Kathmandu",offset=20700000,dstSavings=0,useDaylight=false,transitions=4,lastRule=null]
2018-08-31_18:31:31.092 [main] DEBUG com.spring.startup.FirstAdminCreator -
				tz.getId()==>Asia/Kathmandu
2018-08-31_18:31:31.682 [main] INFO  com.spring.test.DemoApplicationTests -
				Started DemoApplicationTests in 7.877 seconds (JVM running for 8.699)
2018-08-31_18:56:41.301 [main] INFO  com.spring.test.DemoApplicationTests -
				Starting DemoApplicationTests on DESKTOP-0K7BKM9 with PID 14296 (started by dell in E:\myProjects\beautyparlour)
2018-08-31_18:56:41.301 [main] DEBUG com.spring.test.DemoApplicationTests -
				Running with Spring Boot v2.0.0.RELEASE, Spring v5.0.4.RELEASE
2018-08-31_18:56:41.301 [main] INFO  com.spring.test.DemoApplicationTests -
				No active profile set, falling back to default profiles: default
2018-08-31_18:56:50.121 [main] DEBUG com.spring.startup.FirstAdminCreator -
				tz==>sun.util.calendar.ZoneInfo[id="Asia/Kathmandu",offset=20700000,dstSavings=0,useDaylight=false,transitions=4,lastRule=null]
2018-08-31_18:56:50.121 [main] DEBUG com.spring.startup.FirstAdminCreator -
				tz.getId()==>Asia/Kathmandu
2018-08-31_18:56:50.621 [main] INFO  com.spring.test.DemoApplicationTests -
				Started DemoApplicationTests in 9.679 seconds (JVM running for 10.426)
2018-08-31_19:05:55.692 [main] INFO  com.spring.test.DemoApplicationTests -
				Starting DemoApplicationTests on DESKTOP-0K7BKM9 with PID 17320 (started by dell in E:\myProjects\beautyparlour)
2018-08-31_19:05:56.245 [main] DEBUG com.spring.test.DemoApplicationTests -
				Running with Spring Boot v2.0.0.RELEASE, Spring v5.0.4.RELEASE
2018-08-31_19:05:56.247 [main] INFO  com.spring.test.DemoApplicationTests -
				No active profile set, falling back to default profiles: default
2018-08-31_19:06:09.024 [main] DEBUG com.spring.startup.FirstAdminCreator -
				tz==>sun.util.calendar.ZoneInfo[id="Asia/Kathmandu",offset=20700000,dstSavings=0,useDaylight=false,transitions=4,lastRule=null]
2018-08-31_19:06:09.025 [main] DEBUG com.spring.startup.FirstAdminCreator -
				tz.getId()==>Asia/Kathmandu
2018-08-31_19:06:09.984 [main] INFO  com.spring.test.DemoApplicationTests -
				Started DemoApplicationTests in 14.883 seconds (JVM running for 16.627)
